This is pdfTeX, Version 3.14159265-2.6-1.40.17 (TeX Live 2016) (preloaded format=pdflatex 2016.8.4)  1 APR 2021 16:12
entering extended mode
 restricted \write18 enabled.
 %&-line parsing enabled.
**pl-description.tex
(./pl-description.tex
LaTeX2e <2016/03/31>
Babel <3.9r> and hyphenation patterns for 83 language(s) loaded.
(/scratch/local/app/teTeX/08.16/texmf-dist/tex/latex/base/article.cls
Document Class: article 2014/09/29 v1.4h Standard LaTeX document class
(/scratch/local/app/teTeX/08.16/texmf-dist/tex/latex/base/size11.clo
File: size11.clo 2014/09/29 v1.4h Standard LaTeX file (size option)
)
\c@part=\count79
\c@section=\count80
\c@subsection=\count81
\c@subsubsection=\count82
\c@paragraph=\count83
\c@subparagraph=\count84
\c@figure=\count85
\c@table=\count86
\abovecaptionskip=\skip41
\belowcaptionskip=\skip42
\bibindent=\dimen102
)
(/scratch/local/app/teTeX/08.16/texmf-dist/tex/latex/graphics/graphicx.sty
Package: graphicx 2014/10/28 v1.0g Enhanced LaTeX Graphics (DPC,SPQR)

(/scratch/local/app/teTeX/08.16/texmf-dist/tex/latex/graphics/keyval.sty
Package: keyval 2014/10/28 v1.15 key=value parser (DPC)
\KV@toks@=\toks14
)
(/scratch/local/app/teTeX/08.16/texmf-dist/tex/latex/graphics/graphics.sty
Package: graphics 2016/07/10 v1.0t Standard LaTeX Graphics (DPC,SPQR)

(/scratch/local/app/teTeX/08.16/texmf-dist/tex/latex/graphics/trig.sty
Package: trig 2016/01/03 v1.10 sin cos tan (DPC)
)
(/scratch/local/app/teTeX/08.16/texmf-dist/tex/latex/graphics-cfg/graphics.cfg
File: graphics.cfg 2016/06/04 v1.11 sample graphics configuration
)
Package graphics Info: Driver file: pdftex.def on input line 99.
(/scratch/local/app/teTeX/08.16/texmf-dist/tex/latex/graphics-def/pdftex.def
File: pdftex.def 2016/07/10 v0.06j Graphics/color for pdfTeX

(/scratch/local/app/teTeX/08.16/texmf-dist/tex/generic/oberdiek/infwarerr.sty
Package: infwarerr 2016/05/16 v1.4 Providing info/warning/error messages (HO)
)
(/scratch/local/app/teTeX/08.16/texmf-dist/tex/generic/oberdiek/ltxcmds.sty
Package: ltxcmds 2016/05/16 v1.23 LaTeX kernel commands for general use (HO)
)
\Gread@gobject=\count87
))
\Gin@req@height=\dimen103
\Gin@req@width=\dimen104
) (/scratch/local/app/teTeX/08.16/texmf-dist/tex/latex/graphics/color.sty
Package: color 2016/07/10 v1.1e Standard LaTeX Color (DPC)

(/scratch/local/app/teTeX/08.16/texmf-dist/tex/latex/graphics-cfg/color.cfg
File: color.cfg 2016/01/02 v1.6 sample color configuration
)
Package color Info: Driver file: pdftex.def on input line 147.
)
(/scratch/local/app/teTeX/08.16/texmf-dist/tex/latex/framed/framed.sty
Package: framed 2011/10/22 v 0.96: framed or shaded text with page breaks
\OuterFrameSep=\skip43
\fb@frw=\dimen105
\fb@frh=\dimen106
\FrameRule=\dimen107
\FrameSep=\dimen108
)
(/scratch/local/app/teTeX/08.16/texmf-dist/tex/latex/base/alltt.sty
Package: alltt 1997/06/16 v2.0g defines alltt environment
)
(/scratch/local/app/teTeX/08.16/texmf-dist/tex/latex/base/inputenc.sty
Package: inputenc 2015/03/17 v1.2c Input encoding file
\inpenc@prehook=\toks15
\inpenc@posthook=\toks16

(/scratch/local/app/teTeX/08.16/texmf-dist/tex/latex/base/utf8.def
File: utf8.def 2016/02/28 v1.1s UTF-8 support for inputenc
Now handling font encoding OML ...
... no UTF-8 mapping file for font encoding OML
Now handling font encoding T1 ...
... processing UTF-8 mapping file for font encoding T1

(/scratch/local/app/teTeX/08.16/texmf-dist/tex/latex/base/t1enc.dfu
File: t1enc.dfu 2016/02/28 v1.1s UTF-8 support for inputenc
   defining Unicode char U+00A0 (decimal 160)
   defining Unicode char U+00A1 (decimal 161)
   defining Unicode char U+00A3 (decimal 163)
   defining Unicode char U+00AB (decimal 171)
   defining Unicode char U+00AD (decimal 173)
   defining Unicode char U+00BB (decimal 187)
   defining Unicode char U+00BF (decimal 191)
   defining Unicode char U+00C0 (decimal 192)
   defining Unicode char U+00C1 (decimal 193)
   defining Unicode char U+00C2 (decimal 194)
   defining Unicode char U+00C3 (decimal 195)
   defining Unicode char U+00C4 (decimal 196)
   defining Unicode char U+00C5 (decimal 197)
   defining Unicode char U+00C6 (decimal 198)
   defining Unicode char U+00C7 (decimal 199)
   defining Unicode char U+00C8 (decimal 200)
   defining Unicode char U+00C9 (decimal 201)
   defining Unicode char U+00CA (decimal 202)
   defining Unicode char U+00CB (decimal 203)
   defining Unicode char U+00CC (decimal 204)
   defining Unicode char U+00CD (decimal 205)
   defining Unicode char U+00CE (decimal 206)
   defining Unicode char U+00CF (decimal 207)
   defining Unicode char U+00D0 (decimal 208)
   defining Unicode char U+00D1 (decimal 209)
   defining Unicode char U+00D2 (decimal 210)
   defining Unicode char U+00D3 (decimal 211)
   defining Unicode char U+00D4 (decimal 212)
   defining Unicode char U+00D5 (decimal 213)
   defining Unicode char U+00D6 (decimal 214)
   defining Unicode char U+00D8 (decimal 216)
   defining Unicode char U+00D9 (decimal 217)
   defining Unicode char U+00DA (decimal 218)
   defining Unicode char U+00DB (decimal 219)
   defining Unicode char U+00DC (decimal 220)
   defining Unicode char U+00DD (decimal 221)
   defining Unicode char U+00DE (decimal 222)
   defining Unicode char U+00DF (decimal 223)
   defining Unicode char U+00E0 (decimal 224)
   defining Unicode char U+00E1 (decimal 225)
   defining Unicode char U+00E2 (decimal 226)
   defining Unicode char U+00E3 (decimal 227)
   defining Unicode char U+00E4 (decimal 228)
   defining Unicode char U+00E5 (decimal 229)
   defining Unicode char U+00E6 (decimal 230)
   defining Unicode char U+00E7 (decimal 231)
   defining Unicode char U+00E8 (decimal 232)
   defining Unicode char U+00E9 (decimal 233)
   defining Unicode char U+00EA (decimal 234)
   defining Unicode char U+00EB (decimal 235)
   defining Unicode char U+00EC (decimal 236)
   defining Unicode char U+00ED (decimal 237)
   defining Unicode char U+00EE (decimal 238)
   defining Unicode char U+00EF (decimal 239)
   defining Unicode char U+00F0 (decimal 240)
   defining Unicode char U+00F1 (decimal 241)
   defining Unicode char U+00F2 (decimal 242)
   defining Unicode char U+00F3 (decimal 243)
   defining Unicode char U+00F4 (decimal 244)
   defining Unicode char U+00F5 (decimal 245)
   defining Unicode char U+00F6 (decimal 246)
   defining Unicode char U+00F8 (decimal 248)
   defining Unicode char U+00F9 (decimal 249)
   defining Unicode char U+00FA (decimal 250)
   defining Unicode char U+00FB (decimal 251)
   defining Unicode char U+00FC (decimal 252)
   defining Unicode char U+00FD (decimal 253)
   defining Unicode char U+00FE (decimal 254)
   defining Unicode char U+00FF (decimal 255)
   defining Unicode char U+0100 (decimal 256)
   defining Unicode char U+0101 (decimal 257)
   defining Unicode char U+0102 (decimal 258)
   defining Unicode char U+0103 (decimal 259)
   defining Unicode char U+0104 (decimal 260)
   defining Unicode char U+0105 (decimal 261)
   defining Unicode char U+0106 (decimal 262)
   defining Unicode char U+0107 (decimal 263)
   defining Unicode char U+0108 (decimal 264)
   defining Unicode char U+0109 (decimal 265)
   defining Unicode char U+010A (decimal 266)
   defining Unicode char U+010B (decimal 267)
   defining Unicode char U+010C (decimal 268)
   defining Unicode char U+010D (decimal 269)
   defining Unicode char U+010E (decimal 270)
   defining Unicode char U+010F (decimal 271)
   defining Unicode char U+0110 (decimal 272)
   defining Unicode char U+0111 (decimal 273)
   defining Unicode char U+0112 (decimal 274)
   defining Unicode char U+0113 (decimal 275)
   defining Unicode char U+0114 (decimal 276)
   defining Unicode char U+0115 (decimal 277)
   defining Unicode char U+0116 (decimal 278)
   defining Unicode char U+0117 (decimal 279)
   defining Unicode char U+0118 (decimal 280)
   defining Unicode char U+0119 (decimal 281)
   defining Unicode char U+011A (decimal 282)
   defining Unicode char U+011B (decimal 283)
   defining Unicode char U+011C (decimal 284)
   defining Unicode char U+011D (decimal 285)
   defining Unicode char U+011E (decimal 286)
   defining Unicode char U+011F (decimal 287)
   defining Unicode char U+0120 (decimal 288)
   defining Unicode char U+0121 (decimal 289)
   defining Unicode char U+0122 (decimal 290)
   defining Unicode char U+0123 (decimal 291)
   defining Unicode char U+0124 (decimal 292)
   defining Unicode char U+0125 (decimal 293)
   defining Unicode char U+0128 (decimal 296)
   defining Unicode char U+0129 (decimal 297)
   defining Unicode char U+012A (decimal 298)
   defining Unicode char U+012B (decimal 299)
   defining Unicode char U+012C (decimal 300)
   defining Unicode char U+012D (decimal 301)
   defining Unicode char U+012E (decimal 302)
   defining Unicode char U+012F (decimal 303)
   defining Unicode char U+0130 (decimal 304)
   defining Unicode char U+0131 (decimal 305)
   defining Unicode char U+0132 (decimal 306)
   defining Unicode char U+0133 (decimal 307)
   defining Unicode char U+0134 (decimal 308)
   defining Unicode char U+0135 (decimal 309)
   defining Unicode char U+0136 (decimal 310)
   defining Unicode char U+0137 (decimal 311)
   defining Unicode char U+0139 (decimal 313)
   defining Unicode char U+013A (decimal 314)
   defining Unicode char U+013B (decimal 315)
   defining Unicode char U+013C (decimal 316)
   defining Unicode char U+013D (decimal 317)
   defining Unicode char U+013E (decimal 318)
   defining Unicode char U+0141 (decimal 321)
   defining Unicode char U+0142 (decimal 322)
   defining Unicode char U+0143 (decimal 323)
   defining Unicode char U+0144 (decimal 324)
   defining Unicode char U+0145 (decimal 325)
   defining Unicode char U+0146 (decimal 326)
   defining Unicode char U+0147 (decimal 327)
   defining Unicode char U+0148 (decimal 328)
   defining Unicode char U+014A (decimal 330)
   defining Unicode char U+014B (decimal 331)
   defining Unicode char U+014C (decimal 332)
   defining Unicode char U+014D (decimal 333)
   defining Unicode char U+014E (decimal 334)
   defining Unicode char U+014F (decimal 335)
   defining Unicode char U+0150 (decimal 336)
   defining Unicode char U+0151 (decimal 337)
   defining Unicode char U+0152 (decimal 338)
   defining Unicode char U+0153 (decimal 339)
   defining Unicode char U+0154 (decimal 340)
   defining Unicode char U+0155 (decimal 341)
   defining Unicode char U+0156 (decimal 342)
   defining Unicode char U+0157 (decimal 343)
   defining Unicode char U+0158 (decimal 344)
   defining Unicode char U+0159 (decimal 345)
   defining Unicode char U+015A (decimal 346)
   defining Unicode char U+015B (decimal 347)
   defining Unicode char U+015C (decimal 348)
   defining Unicode char U+015D (decimal 349)
   defining Unicode char U+015E (decimal 350)
   defining Unicode char U+015F (decimal 351)
   defining Unicode char U+0160 (decimal 352)
   defining Unicode char U+0161 (decimal 353)
   defining Unicode char U+0162 (decimal 354)
   defining Unicode char U+0163 (decimal 355)
   defining Unicode char U+0164 (decimal 356)
   defining Unicode char U+0165 (decimal 357)
   defining Unicode char U+0168 (decimal 360)
   defining Unicode char U+0169 (decimal 361)
   defining Unicode char U+016A (decimal 362)
   defining Unicode char U+016B (decimal 363)
   defining Unicode char U+016C (decimal 364)
   defining Unicode char U+016D (decimal 365)
   defining Unicode char U+016E (decimal 366)
   defining Unicode char U+016F (decimal 367)
   defining Unicode char U+0170 (decimal 368)
   defining Unicode char U+0171 (decimal 369)
   defining Unicode char U+0172 (decimal 370)
   defining Unicode char U+0173 (decimal 371)
   defining Unicode char U+0174 (decimal 372)
   defining Unicode char U+0175 (decimal 373)
   defining Unicode char U+0176 (decimal 374)
   defining Unicode char U+0177 (decimal 375)
   defining Unicode char U+0178 (decimal 376)
   defining Unicode char U+0179 (decimal 377)
   defining Unicode char U+017A (decimal 378)
   defining Unicode char U+017B (decimal 379)
   defining Unicode char U+017C (decimal 380)
   defining Unicode char U+017D (decimal 381)
   defining Unicode char U+017E (decimal 382)
   defining Unicode char U+01CD (decimal 461)
   defining Unicode char U+01CE (decimal 462)
   defining Unicode char U+01CF (decimal 463)
   defining Unicode char U+01D0 (decimal 464)
   defining Unicode char U+01D1 (decimal 465)
   defining Unicode char U+01D2 (decimal 466)
   defining Unicode char U+01D3 (decimal 467)
   defining Unicode char U+01D4 (decimal 468)
   defining Unicode char U+01E2 (decimal 482)
   defining Unicode char U+01E3 (decimal 483)
   defining Unicode char U+01E6 (decimal 486)
   defining Unicode char U+01E7 (decimal 487)
   defining Unicode char U+01E8 (decimal 488)
   defining Unicode char U+01E9 (decimal 489)
   defining Unicode char U+01EA (decimal 490)
   defining Unicode char U+01EB (decimal 491)
   defining Unicode char U+01F0 (decimal 496)
   defining Unicode char U+01F4 (decimal 500)
   defining Unicode char U+01F5 (decimal 501)
   defining Unicode char U+0218 (decimal 536)
   defining Unicode char U+0219 (decimal 537)
   defining Unicode char U+021A (decimal 538)
   defining Unicode char U+021B (decimal 539)
   defining Unicode char U+1E02 (decimal 7682)
   defining Unicode char U+1E03 (decimal 7683)
   defining Unicode char U+200C (decimal 8204)
   defining Unicode char U+2010 (decimal 8208)
   defining Unicode char U+2011 (decimal 8209)
   defining Unicode char U+2012 (decimal 8210)
   defining Unicode char U+2013 (decimal 8211)
   defining Unicode char U+2014 (decimal 8212)
   defining Unicode char U+2015 (decimal 8213)
   defining Unicode char U+2018 (decimal 8216)
   defining Unicode char U+2019 (decimal 8217)
   defining Unicode char U+201A (decimal 8218)
   defining Unicode char U+201C (decimal 8220)
   defining Unicode char U+201D (decimal 8221)
   defining Unicode char U+201E (decimal 8222)
   defining Unicode char U+2030 (decimal 8240)
   defining Unicode char U+2031 (decimal 8241)
   defining Unicode char U+2039 (decimal 8249)
   defining Unicode char U+203A (decimal 8250)
   defining Unicode char U+2423 (decimal 9251)
)
Now handling font encoding OT1 ...
... processing UTF-8 mapping file for font encoding OT1

(/scratch/local/app/teTeX/08.16/texmf-dist/tex/latex/base/ot1enc.dfu
File: ot1enc.dfu 2016/02/28 v1.1s UTF-8 support for inputenc
   defining Unicode char U+00A0 (decimal 160)
   defining Unicode char U+00A1 (decimal 161)
   defining Unicode char U+00A3 (decimal 163)
   defining Unicode char U+00AD (decimal 173)
   defining Unicode char U+00B8 (decimal 184)
   defining Unicode char U+00BF (decimal 191)
   defining Unicode char U+00C5 (decimal 197)
   defining Unicode char U+00C6 (decimal 198)
   defining Unicode char U+00D8 (decimal 216)
   defining Unicode char U+00DF (decimal 223)
   defining Unicode char U+00E6 (decimal 230)
   defining Unicode char U+00EC (decimal 236)
   defining Unicode char U+00ED (decimal 237)
   defining Unicode char U+00EE (decimal 238)
   defining Unicode char U+00EF (decimal 239)
   defining Unicode char U+00F8 (decimal 248)
   defining Unicode char U+0131 (decimal 305)
   defining Unicode char U+0141 (decimal 321)
   defining Unicode char U+0142 (decimal 322)
   defining Unicode char U+0152 (decimal 338)
   defining Unicode char U+0153 (decimal 339)
   defining Unicode char U+0174 (decimal 372)
   defining Unicode char U+0175 (decimal 373)
   defining Unicode char U+0176 (decimal 374)
   defining Unicode char U+0177 (decimal 375)
   defining Unicode char U+0218 (decimal 536)
   defining Unicode char U+0219 (decimal 537)
   defining Unicode char U+021A (decimal 538)
   defining Unicode char U+021B (decimal 539)
   defining Unicode char U+2013 (decimal 8211)
   defining Unicode char U+2014 (decimal 8212)
   defining Unicode char U+2018 (decimal 8216)
   defining Unicode char U+2019 (decimal 8217)
   defining Unicode char U+201C (decimal 8220)
   defining Unicode char U+201D (decimal 8221)
)
Now handling font encoding OMS ...
... processing UTF-8 mapping file for font encoding OMS

(/scratch/local/app/teTeX/08.16/texmf-dist/tex/latex/base/omsenc.dfu
File: omsenc.dfu 2016/02/28 v1.1s UTF-8 support for inputenc
   defining Unicode char U+00A7 (decimal 167)
   defining Unicode char U+00B6 (decimal 182)
   defining Unicode char U+00B7 (decimal 183)
   defining Unicode char U+2020 (decimal 8224)
   defining Unicode char U+2021 (decimal 8225)
   defining Unicode char U+2022 (decimal 8226)
)
Now handling font encoding OMX ...
... no UTF-8 mapping file for font encoding OMX
Now handling font encoding U ...
... no UTF-8 mapping file for font encoding U
   defining Unicode char U+00A9 (decimal 169)
   defining Unicode char U+00AA (decimal 170)
   defining Unicode char U+00AE (decimal 174)
   defining Unicode char U+00BA (decimal 186)
   defining Unicode char U+02C6 (decimal 710)
   defining Unicode char U+02DC (decimal 732)
   defining Unicode char U+200C (decimal 8204)
   defining Unicode char U+2026 (decimal 8230)
   defining Unicode char U+2122 (decimal 8482)
   defining Unicode char U+2423 (decimal 9251)
))
(/scratch/local/app/teTeX/08.16/texmf-dist/tex/latex/geometry/geometry.sty
Package: geometry 2010/09/12 v5.6 Page Geometry

(/scratch/local/app/teTeX/08.16/texmf-dist/tex/generic/oberdiek/ifpdf.sty
Package: ifpdf 2016/05/14 v3.1 Provides the ifpdf switch
)
(/scratch/local/app/teTeX/08.16/texmf-dist/tex/generic/oberdiek/ifvtex.sty
Package: ifvtex 2016/05/16 v1.6 Detect VTeX and its facilities (HO)
Package ifvtex Info: VTeX not detected.
)
(/scratch/local/app/teTeX/08.16/texmf-dist/tex/generic/ifxetex/ifxetex.sty
Package: ifxetex 2010/09/12 v0.6 Provides ifxetex conditional
)
\Gm@cnth=\count88
\Gm@cntv=\count89
\c@Gm@tempcnt=\count90
\Gm@bindingoffset=\dimen109
\Gm@wd@mp=\dimen110
\Gm@odd@mp=\dimen111
\Gm@even@mp=\dimen112
\Gm@layoutwidth=\dimen113
\Gm@layoutheight=\dimen114
\Gm@layouthoffset=\dimen115
\Gm@layoutvoffset=\dimen116
\Gm@dimlist=\toks17
)
(/scratch/local/app/teTeX/08.16/texmf-dist/tex/latex/booktabs/booktabs.sty
Package: booktabs 2016/04/27 v1.618033 publication quality tables
\heavyrulewidth=\dimen117
\lightrulewidth=\dimen118
\cmidrulewidth=\dimen119
\belowrulesep=\dimen120
\belowbottomsep=\dimen121
\aboverulesep=\dimen122
\abovetopsep=\dimen123
\cmidrulesep=\dimen124
\cmidrulekern=\dimen125
\defaultaddspace=\dimen126
\@cmidla=\count91
\@cmidlb=\count92
\@aboverulesep=\dimen127
\@belowrulesep=\dimen128
\@thisruleclass=\count93
\@lastruleclass=\count94
\@thisrulewidth=\dimen129
)
(/scratch/local/app/teTeX/08.16/texmf-dist/tex/latex/amsmath/amsmath.sty
Package: amsmath 2016/06/28 v2.15d AMS math features
\@mathmargin=\skip44

For additional information on amsmath, use the `?' option.
(/scratch/local/app/teTeX/08.16/texmf-dist/tex/latex/amsmath/amstext.sty
Package: amstext 2000/06/29 v2.01 AMS text

(/scratch/local/app/teTeX/08.16/texmf-dist/tex/latex/amsmath/amsgen.sty
File: amsgen.sty 1999/11/30 v2.0 generic functions
\@emptytoks=\toks18
\ex@=\dimen130
))
(/scratch/local/app/teTeX/08.16/texmf-dist/tex/latex/amsmath/amsbsy.sty
Package: amsbsy 1999/11/29 v1.2d Bold Symbols
\pmbraise@=\dimen131
)
(/scratch/local/app/teTeX/08.16/texmf-dist/tex/latex/amsmath/amsopn.sty
Package: amsopn 2016/03/08 v2.02 operator names
)
\inf@bad=\count95
LaTeX Info: Redefining \frac on input line 199.
\uproot@=\count96
\leftroot@=\count97
LaTeX Info: Redefining \overline on input line 297.
\classnum@=\count98
\DOTSCASE@=\count99
LaTeX Info: Redefining \ldots on input line 394.
LaTeX Info: Redefining \dots on input line 397.
LaTeX Info: Redefining \cdots on input line 518.
\Mathstrutbox@=\box26
\strutbox@=\box27
\big@size=\dimen132
LaTeX Font Info:    Redeclaring font encoding OML on input line 634.
LaTeX Font Info:    Redeclaring font encoding OMS on input line 635.
\macc@depth=\count100
\c@MaxMatrixCols=\count101
\dotsspace@=\muskip10
\c@parentequation=\count102
\dspbrk@lvl=\count103
\tag@help=\toks19
\row@=\count104
\column@=\count105
\maxfields@=\count106
\andhelp@=\toks20
\eqnshift@=\dimen133
\alignsep@=\dimen134
\tagshift@=\dimen135
\tagwidth@=\dimen136
\totwidth@=\dimen137
\lineht@=\dimen138
\@envbody=\toks21
\multlinegap=\skip45
\multlinetaggap=\skip46
\mathdisplay@stack=\toks22
LaTeX Info: Redefining \[ on input line 2739.
LaTeX Info: Redefining \] on input line 2740.
)
(./pldescr.sty
\Litemskip=\skip47
\Litemwidth=\skip48
\Lparskip=\skip49
)
(/scratch/local/app/teTeX/08.16/texmf-dist/tex/latex/upquote/upquote.sty
Package: upquote 2012/04/19 v1.3 upright-quote and grave-accent glyphs in verba
tim
)
(./pl-description.aux)
\openout1 = `pl-description.aux'.

LaTeX Font Info:    Checking defaults for OML/cmm/m/it on input line 78.
LaTeX Font Info:    ... okay on input line 78.
LaTeX Font Info:    Checking defaults for T1/cmr/m/n on input line 78.
LaTeX Font Info:    ... okay on input line 78.
LaTeX Font Info:    Checking defaults for OT1/cmr/m/n on input line 78.
LaTeX Font Info:    ... okay on input line 78.
LaTeX Font Info:    Checking defaults for OMS/cmsy/m/n on input line 78.
LaTeX Font Info:    ... okay on input line 78.
LaTeX Font Info:    Checking defaults for OMX/cmex/m/n on input line 78.
LaTeX Font Info:    ... okay on input line 78.
LaTeX Font Info:    Checking defaults for U/cmr/m/n on input line 78.
LaTeX Font Info:    ... okay on input line 78.

(/scratch/local/app/teTeX/08.16/texmf-dist/tex/context/base/mkii/supp-pdf.mkii
[Loading MPS to PDF converter (version 2006.09.02).]
\scratchcounter=\count107
\scratchdimen=\dimen139
\scratchbox=\box28
\nofMPsegments=\count108
\nofMParguments=\count109
\everyMPshowfont=\toks23
\MPscratchCnt=\count110
\MPscratchDim=\dimen140
\MPnumerator=\count111
\makeMPintoPDFobject=\count112
\everyMPtoPDFconversion=\toks24
)
(/scratch/local/app/teTeX/08.16/texmf-dist/tex/generic/oberdiek/pdftexcmds.sty
Package: pdftexcmds 2016/05/21 v0.22 Utility functions of pdfTeX for LuaTeX (HO
)

(/scratch/local/app/teTeX/08.16/texmf-dist/tex/generic/oberdiek/ifluatex.sty
Package: ifluatex 2016/05/16 v1.4 Provides the ifluatex switch (HO)
Package ifluatex Info: LuaTeX not detected.
)
Package pdftexcmds Info: LuaTeX not detected.
Package pdftexcmds Info: \pdf@primitive is available.
Package pdftexcmds Info: \pdf@ifprimitive is available.
Package pdftexcmds Info: \pdfdraftmode found.
)
(/scratch/local/app/teTeX/08.16/texmf-dist/tex/latex/oberdiek/epstopdf-base.sty
Package: epstopdf-base 2016/05/15 v2.6 Base part for package epstopdf
(/scratch/local/app/teTeX/08.16/texmf-dist/tex/latex/oberdiek/grfext.sty
Package: grfext 2016/05/16 v1.2 Manage graphics extensions (HO)

(/scratch/local/app/teTeX/08.16/texmf-dist/tex/generic/oberdiek/kvdefinekeys.st
y
Package: kvdefinekeys 2016/05/16 v1.4 Define keys (HO)
)) (/scratch/local/app/teTeX/08.16/texmf-dist/tex/latex/oberdiek/kvoptions.sty
Package: kvoptions 2016/05/16 v3.12 Key value format for package options (HO)
(/scratch/local/app/teTeX/08.16/texmf-dist/tex/generic/oberdiek/kvsetkeys.sty
Package: kvsetkeys 2016/05/16 v1.17 Key value parser (HO)

(/scratch/local/app/teTeX/08.16/texmf-dist/tex/generic/oberdiek/etexcmds.sty
Package: etexcmds 2016/05/16 v1.6 Avoid name clashes with e-TeX commands (HO)
Package etexcmds Info: Could not find \expanded.
(etexcmds)             That can mean that you are not using pdfTeX 1.50 or
(etexcmds)             that some package has redefined \expanded.
(etexcmds)             In the latter case, load this package earlier.
)))
Package epstopdf-base Info: Redefining graphics rule for `.eps' on input line 4
38.
Package grfext Info: Graphics extension search list:
(grfext)             [.png,.pdf,.jpg,.mps,.jpeg,.jbig2,.jb2,.PNG,.PDF,.JPG,.JPE
G,.JBIG2,.JB2,.eps]
(grfext)             \AppendGraphicsExtensions on input line 456.

(/scratch/local/app/teTeX/08.16/texmf-dist/tex/latex/latexconfig/epstopdf-sys.c
fg
File: epstopdf-sys.cfg 2010/07/13 v1.3 Configuration of (r)epstopdf for TeX Liv
e
))
*geometry* driver: auto-detecting
*geometry* detected driver: pdftex
*geometry* verbose mode - [ preamble ] result:
* driver: pdftex
* paper: a4paper
* layout: <same size as paper>
* layoutoffset:(h,v)=(0.0pt,0.0pt)
* modes: 
* h-part:(L,W,R)=(92.47145pt, 412.56496pt, 92.47147pt)
* v-part:(T,H,B)=(87.63449pt, 625.96062pt, 131.45174pt)
* \paperwidth=597.50787pt
* \paperheight=845.04684pt
* \textwidth=483.69684pt
* \textheight=625.96062pt
* \oddsidemargin=-9.3892pt
* \evensidemargin=20.20146pt
* \topmargin=-21.6355pt
* \headheight=12.0pt
* \headsep=25.0pt
* \topskip=11.0pt
* \footskip=30.0pt
* \marginparwidth=59.0pt
* \marginparsep=10.0pt
* \columnsep=10.0pt
* \skip\footins=10.0pt plus 4.0pt minus 2.0pt
* \hoffset=0.0pt
* \voffset=0.0pt
* \mag=1000
* \@twocolumnfalse
* \@twosidefalse
* \@mparswitchfalse
* \@reversemarginfalse
* (1in=72.27pt=25.4mm, 1cm=28.453pt)

(./pl-description.toc [1

{/scratch/local/app/teTeX/08.16/texmf-var/fonts/map/pdftex/updmap/pdftex.map}])
\tf@toc=\write3
\openout3 = `pl-description.toc'.

 [2]
Underfull \hbox (badness 10000) in paragraph at lines 145--147

 []

Package color Info: Redefining color shadecolor on input line 154.
[3]
LaTeX Font Info:    Font shape `OT1/cmtt/bx/n' in size <10.95> not available
(Font)              Font shape `OT1/cmtt/m/n' tried instead on input line 156.
 <figure/plyx-1.pdf, id=20, 433.62pt x 289.08pt>
File: figure/plyx-1.pdf Graphic file (type pdf)
 <use figure/plyx-1.pdf>
Package pdftex.def Info: figure/plyx-1.pdf used on input line 159.
(pdftex.def)             Requested size: 433.61894pt x 289.09251pt.
Package color Info: Redefining color shadecolor on input line 172.

<figure/plyx_pchar-1.pdf, id=21, 578.16pt x 433.62pt>
File: figure/plyx_pchar-1.pdf Graphic file (type pdf)

<use figure/plyx_pchar-1.pdf>
Package pdftex.def Info: figure/plyx_pchar-1.pdf used on input line 178.
(pdftex.def)             Requested size: 483.69684pt x 362.76945pt.
 [4 <./figure/plyx-1.pdf>]
Package color Info: Redefining color shadecolor on input line 197.

<figure/plyx_smooth-1.pdf, id=30, 578.16pt x 289.08pt>
File: figure/plyx_smooth-1.pdf Graphic file (type pdf)

<use figure/plyx_smooth-1.pdf>
Package pdftex.def Info: figure/plyx_smooth-1.pdf used on input line 206.
(pdftex.def)             Requested size: 483.69684pt x 241.8463pt.
 [5 <./figure/plyx_pchar-1.pdf>]
Package color Info: Redefining color shadecolor on input line 223.

<figure/plyx_group-1.pdf, id=39, 578.16pt x 289.08pt>
File: figure/plyx_group-1.pdf Graphic file (type pdf)

<use figure/plyx_group-1.pdf>
Package pdftex.def Info: figure/plyx_group-1.pdf used on input line 228.
(pdftex.def)             Requested size: 483.69684pt x 241.8463pt.
 [6 <./figure/plyx_smooth-1.pdf>]
Package color Info: Redefining color shadecolor on input line 251.

<figure/innerrange-1.pdf, id=48, 505.89pt x 252.945pt>
File: figure/innerrange-1.pdf Graphic file (type pdf)

<use figure/innerrange-1.pdf>
Package pdftex.def Info: figure/innerrange-1.pdf used on input line 264.
(pdftex.def)             Requested size: 483.69684pt x 241.8518pt.
 [7 <./figure/plyx_group-1.pdf>]
Package color Info: Redefining color shadecolor on input line 295.

<figure/plyx-multipley-1.pdf, id=58, 578.16pt x 433.62pt>
File: figure/plyx-multipley-1.pdf Graphic file (type pdf)

<use figure/plyx-multipley-1.pdf>
Package pdftex.def Info: figure/plyx-multipley-1.pdf used on input line 300.
(pdftex.def)             Requested size: 483.69684pt x 362.76945pt.
 [8 <./figure/innerrange-1.pdf>]
Package color Info: Redefining color shadecolor on input line 310.

Overfull \hbox (33.68506pt too wide) in paragraph at lines 319--320
[]\OT1/cmtt/m/n/10.95 ## Warning in lf.tickat(ldtk$smallunit[lidtk], ldtk$small
int[lidtk], llev = llev, : debug
 []


Overfull \hbox (10.6903pt too wide) in paragraph at lines 321--322
[]\OT1/cmtt/m/n/10.95 ## Warning in lf.tickat(ldtk$bigunit[lidtk], ldtk$bigint[
lidtk], llev = llev, : debug
 []


Overfull \hbox (10.6903pt too wide) in paragraph at lines 323--323
[]\OT1/cmtt/m/n/10.95 ## Warning in lf.tickat(llunit, llint, llev = llev, llvlg
 = llvlg, ystart = lystart, :
 []

<figure/plyx-time-1.pdf, id=67, 578.16pt x 433.62pt>
File: figure/plyx-time-1.pdf Graphic file (type pdf)

<use figure/plyx-time-1.pdf>
Package pdftex.def Info: figure/plyx-time-1.pdf used on input line 324.
(pdftex.def)             Requested size: 483.69684pt x 362.76945pt.
 [9 <./figure/plyx-multipley-1.pdf>]
Package color Info: Redefining color shadecolor on input line 330.

<figure/plyx-multiplex-1.pdf, id=76, 578.16pt x 289.08pt>
File: figure/plyx-multiplex-1.pdf Graphic file (type pdf)

<use figure/plyx-multiplex-1.pdf>
Package pdftex.def Info: figure/plyx-multiplex-1.pdf used on input line 337.
(pdftex.def)             Requested size: 483.69684pt x 241.8463pt.
 [10 <./figure/plyx-time-1.pdf>]
Package color Info: Redefining color shadecolor on input line 364.

<figure/pluntransformed-1.pdf, id=85, 578.16pt x 433.62pt>
File: figure/pluntransformed-1.pdf Graphic file (type pdf)

<use figure/pluntransformed-1.pdf>
Package pdftex.def Info: figure/pluntransformed-1.pdf used on input line 370.
(pdftex.def)             Requested size: 483.69684pt x 362.76945pt.
 [11 <./figure/plyx-multiplex-1.pdf>]

LaTeX Warning: Reference `multiplex' on page 12 undefined on input line 375.

Package color Info: Redefining color shadecolor on input line 399.
[12 <./figure/pluntransformed-1.pdf>]
<figure/plyx-plscale-1.pdf, id=103, 578.16pt x 289.08pt>
File: figure/plyx-plscale-1.pdf Graphic file (type pdf)

<use figure/plyx-plscale-1.pdf>
Package pdftex.def Info: figure/plyx-plscale-1.pdf used on input line 420.
(pdftex.def)             Requested size: 483.69684pt x 241.8463pt.
Package color Info: Redefining color shadecolor on input line 430.

<figure/markextremes-1.pdf, id=104, 578.16pt x 289.08pt>
File: figure/markextremes-1.pdf Graphic file (type pdf)

<use figure/markextremes-1.pdf>
Package pdftex.def Info: figure/markextremes-1.pdf used on input line 441.
(pdftex.def)             Requested size: 483.69684pt x 241.8463pt.
 [13 <./figure/plyx-plscale-1.pdf>]
Package color Info: Redefining color shadecolor on input line 469.

<figure/mboxes-1.pdf, id=115, 578.16pt x 433.62pt>
File: figure/mboxes-1.pdf Graphic file (type pdf)
 <use figure/mboxes-1.pdf>
Package pdftex.def Info: figure/mboxes-1.pdf used on input line 476.
(pdftex.def)             Requested size: 483.69684pt x 362.76945pt.

[14 <./figure/markextremes-1.pdf>]
Package color Info: Redefining color shadecolor on input line 490.

<figure/mboxes2-1.pdf, id=124, 578.16pt x 433.62pt>
File: figure/mboxes2-1.pdf Graphic file (type pdf)
 <use figure/mboxes2-1.pdf>
Package pdftex.def Info: figure/mboxes2-1.pdf used on input line 496.
(pdftex.def)             Requested size: 483.69684pt x 362.76945pt.

[15 <./figure/mboxes-1.pdf>]
Package color Info: Redefining color shadecolor on input line 508.
 [16 <./figure/mboxes2-1.pdf>]
<figure/censored-1.pdf, id=141, 578.16pt x 325.215pt>
File: figure/censored-1.pdf Graphic file (type pdf)

<use figure/censored-1.pdf>
Package pdftex.def Info: figure/censored-1.pdf used on input line 524.
(pdftex.def)             Requested size: 483.69684pt x 272.07709pt.
Package color Info: Redefining color shadecolor on input line 535.
 <figure/plmatrix-1.pdf, id=142, 722.7pt x 722.7pt>
File: figure/plmatrix-1.pdf Graphic file (type pdf)

<use figure/plmatrix-1.pdf>
Package pdftex.def Info: figure/plmatrix-1.pdf used on input line 540.
(pdftex.def)             Requested size: 483.69684pt x 483.69922pt.
 [17 <./figure/censored-1.pdf>]
<figure/plmatrix-2.pdf, id=151, 722.7pt x 722.7pt>
File: figure/plmatrix-2.pdf Graphic file (type pdf)
 <use figure/plmatrix-2.pdf>
Package pdftex.def Info: figure/plmatrix-2.pdf used on input line 546.
(pdftex.def)             Requested size: 483.69684pt x 483.69922pt.

[18 <./figure/plmatrix-1.pdf>] [19 <./figure/plmatrix-2.pdf>]
Package color Info: Redefining color shadecolor on input line 573.

<figure/plcond-1.pdf, id=170, 578.16pt x 650.43pt>
File: figure/plcond-1.pdf Graphic file (type pdf)
 <use figure/plcond-1.pdf>
Package pdftex.def Info: figure/plcond-1.pdf used on input line 578.
(pdftex.def)             Requested size: 483.69684pt x 544.15417pt.

[20] [21 <./figure/plcond-1.pdf>]
Package color Info: Redefining color shadecolor on input line 619.

<figure/plotregr-1.pdf, id=182, 578.16pt x 542.025pt>
File: figure/plotregr-1.pdf Graphic file (type pdf)

<use figure/plotregr-1.pdf>
Package pdftex.def Info: figure/plotregr-1.pdf used on input line 627.
(pdftex.def)             Requested size: 483.69684pt x 453.4618pt.
 [22]
LaTeX Font Info:    Try loading font information for OMS+cmr on input line 634.


(/scratch/local/app/teTeX/08.16/texmf-dist/tex/latex/base/omscmr.fd
File: omscmr.fd 2014/09/29 v2.5h Standard LaTeX font definitions
)
LaTeX Font Info:    Font shape `OMS/cmr/m/n' in size <10.95> not available
(Font)              Font shape `OMS/cmsy/m/n' tried instead on input line 634.
 [23 <./figure/plotregr-1.pdf>]
LaTeX Font Info:    Try loading font information for OML+cmr on input line 675.


(/scratch/local/app/teTeX/08.16/texmf-dist/tex/latex/base/omlcmr.fd
File: omlcmr.fd 2014/09/29 v2.5h Standard LaTeX font definitions
)
LaTeX Font Info:    Font shape `OML/cmr/m/n' in size <10> not available
(Font)              Font shape `OML/cmm/m/it' tried instead on input line 675.
 [24]
Overfull \hbox (8.88408pt too wide) in paragraph at lines 743--744
\OT1/cmtt/m/n/10 iter=smooth.iter)\OT1/cmr/m/n/10 , where  \OT1/cmtt/m/n/10 smo
oth.par \OT1/cmr/m/n/10 and  \OT1/cmtt/m/n/10 smooth.iter \OT1/cmr/m/n/10 are g
iven in  \OT1/cmtt/m/n/10 ploptions \OT1/cmr/m/n/10 and the de-fault  \OT1/cmtt
/m/n/10 smooth.par
 []


Underfull \hbox (badness 10000) detected at line 772
[]
 []


Underfull \hbox (badness 10000) detected at line 777
[]
 []

[25]

Package amsmath Warning: Foreign command \over;
(amsmath)                \frac or \genfrac should be used instead
(amsmath)                 on input line 841.

[26]
Package color Info: Redefining color shadecolor on input line 882.
 <figure/plresx-1.pdf, id=212, 578.16pt x 542.025pt>
File: figure/plresx-1.pdf Graphic file (type pdf)

<use figure/plresx-1.pdf>
Package pdftex.def Info: figure/plresx-1.pdf used on input line 887.
(pdftex.def)             Requested size: 483.69684pt x 453.4618pt.
 [27 <./figure/plresx-1.pdf>]
Package color Info: Redefining color shadecolor on input line 936.

<figure/plresx_trs-1.pdf, id=221, 578.16pt x 325.215pt>
File: figure/plresx_trs-1.pdf Graphic file (type pdf)

<use figure/plresx_trs-1.pdf>
Package pdftex.def Info: figure/plresx_trs-1.pdf used on input line 941.
(pdftex.def)             Requested size: 483.69684pt x 272.07709pt.
 [28]
Overfull \hbox (54.88145pt too wide) in paragraph at lines 951--952
\OT1/cmr/m/n/10 formed in-put vari-ables are those ap-pear-ing in the terms of 
the for-mula, as de-liv-ered by  
 []

Package color Info: Redefining color shadecolor on input line 975.
<figure/plres2x-1.pdf, id=225, 578.16pt x 433.62pt>
File: figure/plres2x-1.pdf Graphic file (type pdf)
 <use figure/plres2x-1.pdf>
Package pdftex.def Info: figure/plres2x-1.pdf used on input line 983.
(pdftex.def)             Requested size: 483.69684pt x 362.76945pt.

[29 <./figure/plresx_trs-1.pdf>]
Package color Info: Redefining color shadecolor on input line 992.

<figure/plresxgroup-1.pdf, id=234, 578.16pt x 397.485pt>
File: figure/plresxgroup-1.pdf Graphic file (type pdf)

<use figure/plresxgroup-1.pdf>
Package pdftex.def Info: figure/plresxgroup-1.pdf used on input line 997.
(pdftex.def)             Requested size: 483.69684pt x 332.53867pt.
 [30 <./figure/plres2x-1.pdf>]
Package color Info: Redefining color shadecolor on input line 1023.
 [31 <./figure/plresxgroup-1.pdf>] <figure/survresiduals-1.pdf, id=252, 578.16p
t x 433.62pt>
File: figure/survresiduals-1.pdf Graphic file (type pdf)

<use figure/survresiduals-1.pdf>
Package pdftex.def Info: figure/survresiduals-1.pdf used on input line 1035.
(pdftex.def)             Requested size: 483.69684pt x 362.76945pt.
 [32 <./figure/survresiduals-1.pdf>]

LaTeX Warning: Reference `sec:censored' on page 33 undefined on input line 1076
.

Package color Info: Redefining color shadecolor on input line 1080.
<figure/ordered-1.pdf, id=261, 578.16pt x 361.35pt>
File: figure/ordered-1.pdf Graphic file (type pdf)
 <use figure/ordered-1.pdf>
Package pdftex.def Info: figure/ordered-1.pdf used on input line 1094.
(pdftex.def)             Requested size: 483.69684pt x 302.30788pt.

[33 <./figure/ordered-1.pdf>]
Package color Info: Redefining color shadecolor on input line 1106.

<figure/resfitbin-1.pdf, id=270, 578.16pt x 722.7pt>
File: figure/resfitbin-1.pdf Graphic file (type pdf)

<use figure/resfitbin-1.pdf>
Package pdftex.def Info: figure/resfitbin-1.pdf used on input line 1116.
(pdftex.def)             Requested size: 483.69684pt x 604.61575pt.
 [34] [35 <./figure/resfitbin-1.pdf>]
Overfull \hbox (54.03178pt too wide) in paragraph at lines 1173--1185
[]\OT1/cmr/m/n/10.95 The dis-tance pairs and the re-spec-tive dif-fer-ences of 
resid-u-als are cal-cu-lated by the func-tion  
 []

[36]
Package color Info: Redefining color shadecolor on input line 1204.
 <figure/xdist-1.pdf, id=286, 505.89pt x 361.35pt>
File: figure/xdist-1.pdf Graphic file (type pdf)

<use figure/xdist-1.pdf>
Package pdftex.def Info: figure/xdist-1.pdf used on input line 1213.
(pdftex.def)             Requested size: 483.69684pt x 345.5026pt.
 [37 <./figure/xdist-1.pdf>]
Package color Info: Redefining color shadecolor on input line 1244.

<figure/ploptions-1.pdf, id=296, 578.16pt x 361.35pt>
File: figure/ploptions-1.pdf Graphic file (type pdf)

<use figure/ploptions-1.pdf>
Package pdftex.def Info: figure/ploptions-1.pdf used on input line 1250.
(pdftex.def)             Requested size: 483.69684pt x 302.30788pt.
 [38 <./figure/ploptions-1.pdf>] [39] [40]
Package color Info: Redefining color shadecolor on input line 1432.
 [41]
Overfull \hbox (4.02797pt too wide) in paragraph at lines 1482--1492
[] \OT1/cmtt/m/n/10.95 pcol\OT1/cmr/m/n/10.95 : color of the sym-bol. This can 
be a fac-tor. Then, the col-ors in  \OT1/cmtt/m/n/10.95 ploptions("group.color"
)
 []

Package color Info: Redefining color shadecolor on input line 1503.
<figure/plyx_pattr-1.pdf, id=314, 578.16pt x 433.62pt>
File: figure/plyx_pattr-1.pdf Graphic file (type pdf)

<use figure/plyx_pattr-1.pdf>
Package pdftex.def Info: figure/plyx_pattr-1.pdf used on input line 1509.
(pdftex.def)             Requested size: 483.69684pt x 362.76945pt.
 [42] [43 <./figure/plyx_pattr-1.pdf>]
Package color Info: Redefining color shadecolor on input line 1571.

<figure/varattributes-1.pdf, id=327, 578.16pt x 433.62pt>
File: figure/varattributes-1.pdf Graphic file (type pdf)

<use figure/varattributes-1.pdf>
Package pdftex.def Info: figure/varattributes-1.pdf used on input line 1580.
(pdftex.def)             Requested size: 483.69684pt x 362.76945pt.
 [44]
Package color Info: Redefining color shadecolor on input line 1607.

<figure/plscale-1.pdf, id=331, 578.16pt x 433.62pt>
File: figure/plscale-1.pdf Graphic file (type pdf)
 <use figure/plscale-1.pdf>
Package pdftex.def Info: figure/plscale-1.pdf used on input line 1613.
(pdftex.def)             Requested size: 483.69684pt x 362.76945pt.

[45 <./figure/varattributes-1.pdf>] [46 <./figure/plscale-1.pdf>]
Package color Info: Redefining color shadecolor on input line 1665.

Overfull \hbox (24.08873pt too wide) in paragraph at lines 1677--1677
[][]\OT1/cmtt/m/n/10.95 mtext[][]([][]"wrong place for text"[][],[][]3[][],[][]
1[][],[] []col[][]=[][]"red"[][])[]  []\OT1/cmtt/m/it/10.95 ## margins not appr
opriate for active plot[][] 
 []

[47] <figure/marginpars-1.pdf, id=352, 505.89pt x 289.08pt>
File: figure/marginpars-1.pdf Graphic file (type pdf)

<use figure/marginpars-1.pdf>
Package pdftex.def Info: figure/marginpars-1.pdf used on input line 1715.
(pdftex.def)             Requested size: 483.69684pt x 276.40207pt.
Package color Info: Redefining color shadecolor on input line 1725.

<figure/parproblem-1.pdf, id=353, 505.89pt x 289.08pt>
File: figure/parproblem-1.pdf Graphic file (type pdf)

<use figure/parproblem-1.pdf>
Package pdftex.def Info: figure/parproblem-1.pdf used on input line 1733.
(pdftex.def)             Requested size: 483.69684pt x 276.40207pt.
 [48 <./figure/marginpars-1.pdf>]
Underfull \hbox (badness 10000) in paragraph at lines 1751--1757

 []


Overfull \hbox (8.58017pt too wide) in paragraph at lines 1758--1766
[] \OT1/cmtt/m/n/10.95 plpoints \OT1/cmr/m/n/10.95 also in-cludes the ca-pa-bil
-i-ties of  \OT1/cmtt/m/n/10.95 text\OT1/cmr/m/n/10.95 : If the ar-gu-ment  \OT
1/cmtt/m/n/10.95 plab \OT1/cmr/m/n/10.95 is set (or  \OT1/cmtt/m/n/10.95 plargs
$pladata
 []


Overfull \hbox (139.81343pt too wide) in paragraph at lines 1767--1773
\OT1/cmtt/m/n/10.95 "Surv"\OT1/cmr/m/n/10.95 ), the cen-sored ob-ser-va-tions a
re shown by the ap-pro-pri-ate sym-bol from  
 []


Overfull \hbox (15.54422pt too wide) in paragraph at lines 1767--1773
\OT1/cmtt/m/n/10.95 ploptions("censored.pch") \OT1/cmr/m/n/10.95 and with paled
 color (ac-cord-ing to  \OT1/cmtt/m/n/10.95 ploptions("censored.pale")\OT1/cmr/
m/n/10.95 ). 
 []

[49 <./figure/parproblem-1.pdf>] [50]
Package color Info: Redefining color shadecolor on input line 1954.
 [51]
Overfull \hbox (109.44745pt too wide) in paragraph at lines 1992--2005
\OT1/cmtt/m/n/10.95 pl \OT1/cmr/m/n/10.95 func-tion, scon-dar-ily by the  \OT1/
cmtt/m/n/10.95 vcol \OT1/cmr/m/n/10.95 at-tribute of the vari-ables. Thirdly,  

 []

[52] [53]
LaTeX Font Info:    Font shape `OT1/cmtt/bx/n' in size <12> not available
(Font)              Font shape `OT1/cmtt/m/n' tried instead on input line 2115.

 [54]
Overfull \hbox (52.81514pt too wide) in paragraph at lines 2156--2164
\OT1/cmr/m/n/10.95 This stamp can of course be sup-pressed, e.g., for pro-duc-i
ng pub-li-ca-tion graph-ics: set  
 []

Package color Info: Redefining color shadecolor on input line 2171.
[55] (./pl-description.aux)

LaTeX Warning: There were undefined references.

 ) 
Here is how much of TeX's memory you used:
 3351 strings out of 493014
 47080 string characters out of 6130583
 117698 words of memory out of 5000000
 6779 multiletter control sequences out of 15000+600000
 14288 words of font info for 53 fonts, out of 8000000 for 9000
 1141 hyphenation exceptions out of 8191
 40i,7n,31p,336b,247s stack positions out of 5000i,500n,10000p,200000b,80000s
</scratch/local/app/teTeX/08.16/texmf-dist/fonts/type1/public/amsfonts/cm/cmb
x10.pfb></scratch/local/app/teTeX/08.16/texmf-dist/fonts/type1/public/amsfonts/
cm/cmbx12.pfb></scratch/local/app/teTeX/08.16/texmf-dist/fonts/type1/public/ams
fonts/cm/cmex10.pfb></scratch/local/app/teTeX/08.16/texmf-dist/fonts/type1/publ
ic/amsfonts/cm/cmitt10.pfb></scratch/local/app/teTeX/08.16/texmf-dist/fonts/typ
e1/public/amsfonts/cm/cmmi10.pfb></scratch/local/app/teTeX/08.16/texmf-dist/fon
ts/type1/public/amsfonts/cm/cmmi12.pfb></scratch/local/app/teTeX/08.16/texmf-di
st/fonts/type1/public/amsfonts/cm/cmmi7.pfb></scratch/local/app/teTeX/08.16/tex
mf-dist/fonts/type1/public/amsfonts/cm/cmmi8.pfb></scratch/local/app/teTeX/08.1
6/texmf-dist/fonts/type1/public/amsfonts/cm/cmmib10.pfb></scratch/local/app/teT
eX/08.16/texmf-dist/fonts/type1/public/amsfonts/cm/cmr10.pfb></scratch/local/ap
p/teTeX/08.16/texmf-dist/fonts/type1/public/amsfonts/cm/cmr12.pfb></scratch/loc
al/app/teTeX/08.16/texmf-dist/fonts/type1/public/amsfonts/cm/cmr17.pfb></scratc
h/local/app/teTeX/08.16/texmf-dist/fonts/type1/public/amsfonts/cm/cmr7.pfb></sc
ratch/local/app/teTeX/08.16/texmf-dist/fonts/type1/public/amsfonts/cm/cmr8.pfb>
</scratch/local/app/teTeX/08.16/texmf-dist/fonts/type1/public/amsfonts/cm/cmsy1
0.pfb></scratch/local/app/teTeX/08.16/texmf-dist/fonts/type1/public/amsfonts/cm
/cmsy7.pfb></scratch/local/app/teTeX/08.16/texmf-dist/fonts/type1/public/amsfon
ts/cm/cmsy8.pfb></scratch/local/app/teTeX/08.16/texmf-dist/fonts/type1/public/a
msfonts/cm/cmti10.pfb></scratch/local/app/teTeX/08.16/texmf-dist/fonts/type1/pu
blic/amsfonts/cm/cmtt10.pfb></scratch/local/app/teTeX/08.16/texmf-dist/fonts/ty
pe1/public/amsfonts/cm/cmtt12.pfb>
Output written on pl-description.pdf (55 pages, 1153521 bytes).
PDF statistics:
 457 PDF objects out of 1000 (max. 8388607)
 312 compressed objects within 4 object streams
 0 named destinations out of 1000 (max. 500000)
 161 words of extra memory for PDF output out of 10000 (max. 10000000)

