\BOOKMARK [1][-]{Rfn.regr.Rdash.package.1}{regr-package}{}
\BOOKMARK [0][-]{contents.0}{Contents}{}
\BOOKMARK [1][-]{Rfn.asinperc.1}{asinperc}{contents.0}
\BOOKMARK [1][-]{Rfn.d.blast.1}{d.blast}{contents.0}
\BOOKMARK [1][-]{Rfn.d.fossiles.1}{d.fossiles}{contents.0}
\BOOKMARK [1][-]{Rfn.d.rehab.1}{d.rehab}{contents.0}
\BOOKMARK [1][-]{Rfn.d.surveyenvir.1}{d.surveyenvir}{contents.0}
\BOOKMARK [1][-]{Rfn.datatype.1}{datatype}{contents.0}
\BOOKMARK [1][-]{Rfn.doc.1}{doc}{contents.0}
\BOOKMARK [1][-]{Rfn.drop1.mlm.1}{drop1.mlm}{contents.0}
\BOOKMARK [1][-]{Rfn.drop1.regr.1}{drop1.regr}{contents.0}
\BOOKMARK [1][-]{Rfn.dropdata.1}{dropdata}{contents.0}
\BOOKMARK [1][-]{Rfn.fitcomp.1}{fitcomp}{contents.0}
\BOOKMARK [1][-]{Rfn.fitted.polr.1}{fitted.polr}{contents.0}
\BOOKMARK [1][-]{Rfn.lassoselect.1}{lassoselect}{contents.0}
\BOOKMARK [1][-]{Rfn.last.1}{last}{contents.0}
\BOOKMARK [1][-]{Rfn.legendr.1}{legendr}{contents.0}
\BOOKMARK [1][-]{Rfn.logst.1}{logst}{contents.0}
\BOOKMARK [1][-]{Rfn.mframe.1}{mframe}{contents.0}
\BOOKMARK [1][-]{Rfn.nainf.exclude.1}{nainf.exclude}{contents.0}
\BOOKMARK [1][-]{Rfn.plTA.polr.1}{plTA.polr}{contents.0}
\BOOKMARK [1][-]{Rfn.plcoord.1}{plcoord}{contents.0}
\BOOKMARK [1][-]{Rfn.plmatrix.1}{plmatrix}{contents.0}
\BOOKMARK [1][-]{Rfn.plfitpairs.1}{plfitpairs}{contents.0}
\BOOKMARK [1][-]{Rfn.plot.lassoselect.1}{plot.lassoselect}{contents.0}
\BOOKMARK [1][-]{Rfn.plot.regr.1}{plot.regr}{contents.0}
\BOOKMARK [1][-]{Rfn.plres2x.1}{plres2x}{contents.0}
\BOOKMARK [1][-]{Rfn.plresx.1}{plresx}{contents.0}
\BOOKMARK [1][-]{Rfn.predict.regr.1}{predict.regr}{contents.0}
\BOOKMARK [1][-]{Rfn.regr0.Rdash.internal.1}{regr0-internal}{contents.0}
\BOOKMARK [1][-]{Rfn.regr.1}{regr}{contents.0}
\BOOKMARK [1][-]{Rfn.residuals.polr.1}{residuals.polr}{contents.0}
\BOOKMARK [1][-]{Rfn.robrange.1}{robrange}{contents.0}
\BOOKMARK [1][-]{Rfn.showd.1}{showd}{contents.0}
\BOOKMARK [1][-]{Rfn.simresiduals.1}{simresiduals}{contents.0}
\BOOKMARK [1][-]{Rfn.stamp.1}{stamp}{contents.0}
\BOOKMARK [1][-]{Rfn.sumna.1}{sumna}{contents.0}
\BOOKMARK [1][-]{Rfn.u.gmeth.1}{u.gmeth}{contents.0}
\BOOKMARK [1][-]{Rfn.warn.1}{warn}{contents.0}
